2023-06-17 18:15:55.923 [info] Log level: Info
2023-06-17 18:15:55.923 [info] Validating found git in: "git"
2023-06-17 18:15:55.923 [info] Using git "2.41.0" from "git"
2023-06-17 18:17:11.793 [info] Log level: Info
2023-06-17 18:17:11.793 [info] Validating found git in: "git"
2023-06-17 18:17:11.793 [info] Using git "2.41.0" from "git"
2023-06-17 18:17:11.793 [info] > git rev-parse --show-toplevel [132ms]
2023-06-17 18:17:11.793 [info] fatal: not a git repository (or any of the parent directories): .git
2023-06-17 18:17:11.802 [info] > git rev-parse --show-toplevel [59ms]
2023-06-17 18:17:11.802 [info] fatal: not a git repository (or any of the parent directories): .git
2023-06-17 18:17:11.813 [info] > git rev-parse --show-toplevel [4ms]
2023-06-17 18:17:11.813 [info] fatal: not a git repository (or any of the parent directories): .git
2023-06-17 18:17:11.823 [info] > git rev-parse --show-toplevel [2ms]
2023-06-17 18:17:11.823 [info] fatal: not a git repository (or any of the parent directories): .git
2023-06-17 18:17:11.833 [info] > git rev-parse --show-toplevel [3ms]
2023-06-17 18:17:11.833 [info] fatal: not a git repository (or any of the parent directories): .git
2023-06-17 18:17:11.843 [info] > git rev-parse --show-toplevel [1ms]
2023-06-17 18:17:11.843 [info] fatal: not a git repository (or any of the parent directories): .git
2023-06-17 18:17:48.937 [info] > git rev-parse --show-toplevel [6ms]
2023-06-17 18:17:48.937 [info] fatal: not a git repository (or any of the parent directories): .git
2023-06-17 18:17:51.076 [info] > git rev-parse --show-toplevel [5ms]
2023-06-17 18:17:51.076 [info] fatal: not a git repository (or any of the parent directories): .git
2023-06-17 18:17:53.386 [info] > git rev-parse --show-toplevel [5ms]
2023-06-17 18:17:53.386 [info] fatal: not a git repository (or any of the parent directories): .git
2023-06-17 18:17:53.400 [info] > git rev-parse --show-toplevel [5ms]
2023-06-17 18:17:53.400 [info] fatal: not a git repository (or any of the parent directories): .git
2023-06-17 18:17:54.504 [info] > git rev-parse --show-toplevel [16ms]
2023-06-17 18:17:54.504 [info] fatal: not a git repository (or any of the parent directories): .git
2023-06-17 18:17:54.519 [info] > git rev-parse --show-toplevel [4ms]
2023-06-17 18:17:54.519 [info] fatal: not a git repository (or any of the parent directories): .git
2023-06-17 18:17:54.534 [info] > git rev-parse --show-toplevel [6ms]
2023-06-17 18:17:54.534 [info] fatal: not a git repository (or any of the parent directories): .git
2023-06-17 18:17:55.999 [info] > git rev-parse --show-toplevel [21ms]
2023-06-17 18:17:55.999 [info] fatal: not a git repository (or any of the parent directories): .git
2023-06-17 18:17:56.012 [info] > git rev-parse --show-toplevel [4ms]
2023-06-17 18:17:56.012 [info] fatal: not a git repository (or any of the parent directories): .git
2023-06-17 18:17:57.090 [info] > git rev-parse --show-toplevel [6ms]
2023-06-17 18:17:57.090 [info] fatal: not a git repository (or any of the parent directories): .git
2023-06-17 18:22:53.007 [info] > git rev-parse --show-toplevel [5ms]
2023-06-17 18:22:53.007 [info] fatal: not a git repository (or any of the parent directories): .git
2023-06-17 19:06:48.090 [info] > git rev-parse --show-toplevel [4ms]
2023-06-17 19:06:48.090 [info] fatal: not a git repository (or any of the parent directories): .git
2023-06-17 19:07:24.908 [info] > git rev-parse --show-toplevel [6ms]
2023-06-17 19:07:24.908 [info] fatal: not a git repository (or any of the parent directories): .git
2023-06-17 19:07:52.320 [info] > git rev-parse --show-toplevel [13ms]
2023-06-17 19:07:52.320 [info] fatal: not a git repository (or any of the parent directories): .git
2023-06-17 19:08:04.002 [info] > git rev-parse --show-toplevel [12ms]
2023-06-17 19:08:04.002 [info] fatal: not a git repository (or any of the parent directories): .git
2023-06-17 19:08:23.970 [info] > git rev-parse --show-toplevel [13ms]
2023-06-17 19:08:23.970 [info] fatal: not a git repository (or any of the parent directories): .git
2023-06-17 19:09:09.293 [info] > git rev-parse --show-toplevel [7ms]
2023-06-17 19:09:09.293 [info] fatal: not a git repository (or any of the parent directories): .git
2023-06-17 19:13:37.020 [info] > git rev-parse --show-toplevel [7ms]
2023-06-17 19:13:37.020 [info] fatal: not a git repository (or any of the parent directories): .git
2023-06-17 19:14:42.559 [info] > git rev-parse --show-toplevel [7ms]
2023-06-17 19:14:42.559 [info] fatal: not a git repository (or any of the parent directories): .git
2023-06-17 19:15:23.848 [info] > git rev-parse --show-toplevel [9ms]
2023-06-17 19:15:23.848 [info] fatal: not a git repository (or any of the parent directories): .git
2023-06-17 19:30:26.695 [info] > git rev-parse --show-toplevel [12ms]
2023-06-17 19:30:26.695 [info] fatal: not a git repository (or any of the parent directories): .git
2023-06-17 19:31:01.367 [info] > git rev-parse --show-toplevel [7ms]
2023-06-17 19:31:01.367 [info] fatal: not a git repository (or any of the parent directories): .git
2023-06-17 19:32:11.136 [info] > git rev-parse --show-toplevel [5ms]
2023-06-17 19:32:11.137 [info] fatal: not a git repository (or any of the parent directories): .git
2023-06-17 19:32:17.468 [info] > git rev-parse --show-toplevel [11ms]
2023-06-17 19:32:17.468 [info] fatal: not a git repository (or any of the parent directories): .git
2023-06-17 19:32:37.855 [info] > git rev-parse --show-toplevel [8ms]
2023-06-17 19:32:37.855 [info] fatal: not a git repository (or any of the parent directories): .git
2023-06-17 19:33:46.162 [info] > git rev-parse --show-toplevel [15ms]
2023-06-17 19:33:46.163 [info] fatal: not a git repository (or any of the parent directories): .git
2023-06-17 19:37:21.885 [info] > git rev-parse --show-toplevel [6ms]
2023-06-17 19:37:21.885 [info] fatal: not a git repository (or any of the parent directories): .git
2023-06-17 19:38:01.574 [info] > git rev-parse --show-toplevel [9ms]
2023-06-17 19:38:01.574 [info] fatal: not a git repository (or any of the parent directories): .git
2023-06-17 19:38:38.453 [info] > git rev-parse --show-toplevel [8ms]
2023-06-17 19:38:38.453 [info] fatal: not a git repository (or any of the parent directories): .git
2023-06-17 19:38:59.710 [info] > git rev-parse --show-toplevel [13ms]
2023-06-17 19:38:59.710 [info] fatal: not a git repository (or any of the parent directories): .git
2023-06-17 19:39:40.441 [info] > git rev-parse --show-toplevel [9ms]
2023-06-17 19:39:40.441 [info] fatal: not a git repository (or any of the parent directories): .git
2023-06-17 19:41:39.271 [info] > git rev-parse --show-toplevel [18ms]
2023-06-17 19:41:39.271 [info] fatal: not a git repository (or any of the parent directories): .git
2023-06-17 19:41:42.639 [info] > git rev-parse --show-toplevel [15ms]
2023-06-17 19:41:42.639 [info] fatal: not a git repository (or any of the parent directories): .git
2023-06-17 19:41:44.710 [info] > git rev-parse --show-toplevel [9ms]
2023-06-17 19:41:44.710 [info] fatal: not a git repository (or any of the parent directories): .git
2023-06-17 19:42:21.972 [info] > git rev-parse --show-toplevel [3ms]
2023-06-17 19:42:21.972 [info] fatal: not a git repository (or any of the parent directories): .git
2023-06-17 19:42:27.065 [info] > git rev-parse --show-toplevel [8ms]
2023-06-17 19:42:27.065 [info] fatal: not a git repository (or any of the parent directories): .git
2023-06-17 19:42:35.907 [info] > git rev-parse --show-toplevel [5ms]
2023-06-17 19:42:35.907 [info] fatal: not a git repository (or any of the parent directories): .git
2023-06-17 19:43:41.303 [info] > git rev-parse --show-toplevel [7ms]
2023-06-17 19:43:41.303 [info] fatal: not a git repository (or any of the parent directories): .git
2023-06-17 19:44:18.486 [info] > git rev-parse --show-toplevel [10ms]
2023-06-17 19:44:18.486 [info] fatal: not a git repository (or any of the parent directories): .git
2023-06-17 19:45:24.426 [info] > git rev-parse --show-toplevel [7ms]
2023-06-17 19:45:24.426 [info] fatal: not a git repository (or any of the parent directories): .git
2023-06-17 19:47:55.447 [info] > git rev-parse --show-toplevel [3ms]
2023-06-17 19:47:55.447 [info] fatal: not a git repository (or any of the parent directories): .git
2023-06-17 19:49:09.753 [info] > git rev-parse --show-toplevel [8ms]
2023-06-17 19:49:09.753 [info] fatal: not a git repository (or any of the parent directories): .git
2023-06-17 19:50:58.421 [info] > git rev-parse --show-toplevel [9ms]
2023-06-17 19:50:58.421 [info] fatal: not a git repository (or any of the parent directories): .git
2023-06-17 19:51:12.491 [info] > git rev-parse --show-toplevel [2ms]
2023-06-17 19:51:12.491 [info] fatal: not a git repository (or any of the parent directories): .git
2023-06-17 19:51:32.363 [info] > git rev-parse --show-toplevel [7ms]
2023-06-17 19:51:32.363 [info] fatal: not a git repository (or any of the parent directories): .git
2023-06-17 19:53:53.767 [info] > git rev-parse --show-toplevel [17ms]
2023-06-17 19:53:53.767 [info] fatal: not a git repository (or any of the parent directories): .git
2023-06-17 20:00:46.689 [info] > git rev-parse --show-toplevel [4ms]
2023-06-17 20:00:46.689 [info] fatal: not a git repository (or any of the parent directories): .git
2023-06-17 20:01:29.405 [info] > git rev-parse --show-toplevel [13ms]
2023-06-17 20:01:29.405 [info] fatal: not a git repository (or any of the parent directories): .git
2023-06-17 20:02:54.556 [info] > git rev-parse --show-toplevel [23ms]
2023-06-17 20:02:54.557 [info] fatal: not a git repository (or any of the parent directories): .git
2023-06-17 20:05:05.821 [info] > git rev-parse --show-toplevel [9ms]
2023-06-17 20:05:05.821 [info] fatal: not a git repository (or any of the parent directories): .git
2023-06-17 20:06:25.320 [info] > git rev-parse --show-toplevel [5ms]
2023-06-17 20:06:25.320 [info] fatal: not a git repository (or any of the parent directories): .git
2023-06-17 20:06:27.371 [info] > git rev-parse --show-toplevel [7ms]
2023-06-17 20:06:27.371 [info] fatal: not a git repository (or any of the parent directories): .git
2023-06-17 20:33:56.140 [info] > git rev-parse --show-toplevel [4ms]
2023-06-17 20:33:56.140 [info] fatal: not a git repository (or any of the parent directories): .git
2023-06-17 20:34:14.054 [info] > git rev-parse --show-toplevel [10ms]
2023-06-17 20:34:14.055 [info] fatal: not a git repository (or any of the parent directories): .git
2023-06-17 20:34:16.161 [info] > git rev-parse --show-toplevel [5ms]
2023-06-17 20:34:16.161 [info] fatal: not a git repository (or any of the parent directories): .git
2023-06-17 20:34:46.688 [info] > git rev-parse --show-toplevel [14ms]
2023-06-17 20:34:46.688 [info] fatal: not a git repository (or any of the parent directories): .git
2023-06-17 20:35:35.377 [info] > git rev-parse --show-toplevel [5ms]
2023-06-17 20:35:35.377 [info] fatal: not a git repository (or any of the parent directories): .git
2023-06-17 20:35:36.436 [info] > git rev-parse --show-toplevel [15ms]
2023-06-17 20:35:36.436 [info] fatal: not a git repository (or any of the parent directories): .git
2023-06-17 20:35:42.362 [info] > git rev-parse --show-toplevel [9ms]
2023-06-17 20:35:42.362 [info] fatal: not a git repository (or any of the parent directories): .git
2023-06-17 20:35:42.374 [info] > git rev-parse --show-toplevel [3ms]
2023-06-17 20:35:42.374 [info] fatal: not a git repository (or any of the parent directories): .git
2023-06-17 20:35:44.110 [info] > git rev-parse --show-toplevel [6ms]
2023-06-17 20:35:44.110 [info] fatal: not a git repository (or any of the parent directories): .git
2023-06-17 20:35:44.154 [info] > git rev-parse --show-toplevel [5ms]
2023-06-17 20:35:44.154 [info] fatal: not a git repository (or any of the parent directories): .git
2023-06-17 20:35:44.168 [info] > git rev-parse --show-toplevel [3ms]
2023-06-17 20:35:44.168 [info] fatal: not a git repository (or any of the parent directories): .git
2023-06-17 20:36:35.635 [info] > git rev-parse --show-toplevel [5ms]
2023-06-17 20:36:35.635 [info] fatal: not a git repository (or any of the parent directories): .git
2023-06-17 20:36:37.362 [info] > git rev-parse --show-toplevel [9ms]
2023-06-17 20:36:37.362 [info] fatal: not a git repository (or any of the parent directories): .git
2023-06-17 20:36:37.381 [info] > git rev-parse --show-toplevel [4ms]
2023-06-17 20:36:37.381 [info] fatal: not a git repository (or any of the parent directories): .git
2023-06-17 20:39:01.719 [info] > git rev-parse --show-toplevel [3ms]
2023-06-17 20:39:01.719 [info] fatal: not a git repository (or any of the parent directories): .git
2023-06-17 20:39:13.547 [info] > git rev-parse --show-toplevel [5ms]
2023-06-17 20:39:13.547 [info] fatal: not a git repository (or any of the parent directories): .git
2023-06-17 20:39:13.560 [info] > git rev-parse --show-toplevel [3ms]
2023-06-17 20:39:13.560 [info] fatal: not a git repository (or any of the parent directories): .git
2023-06-17 21:23:44.566 [info] > git rev-parse --show-toplevel [4ms]
2023-06-17 21:23:44.566 [info] fatal: not a git repository (or any of the parent directories): .git
2023-06-17 21:23:44.612 [info] > git rev-parse --show-toplevel [17ms]
2023-06-17 21:23:44.613 [info] fatal: not a git repository (or any of the parent directories): .git
2023-06-17 21:23:44.624 [info] > git rev-parse --show-toplevel [1ms]
2023-06-17 21:23:44.624 [info] fatal: not a git repository (or any of the parent directories): .git
2023-06-17 21:24:41.648 [info] > git rev-parse --show-toplevel [5ms]
2023-06-17 21:24:41.648 [info] fatal: not a git repository (or any of the parent directories): .git
2023-06-17 21:24:41.662 [info] > git rev-parse --show-toplevel [4ms]
2023-06-17 21:24:41.662 [info] fatal: not a git repository (or any of the parent directories): .git
2023-06-17 21:24:41.674 [info] > git rev-parse --show-toplevel [3ms]
2023-06-17 21:24:41.674 [info] fatal: not a git repository (or any of the parent directories): .git
2023-06-17 21:24:45.340 [info] > git rev-parse --show-toplevel [4ms]
2023-06-17 21:24:45.340 [info] fatal: not a git repository (or any of the parent directories): .git
2023-06-17 21:24:45.351 [info] > git rev-parse --show-toplevel [3ms]
2023-06-17 21:24:45.351 [info] fatal: not a git repository (or any of the parent directories): .git
2023-06-17 21:24:54.826 [info] > git rev-parse --show-toplevel [3ms]
2023-06-17 21:24:54.826 [info] fatal: not a git repository (or any of the parent directories): .git
2023-06-17 21:24:54.914 [info] > git rev-parse --show-toplevel [5ms]
2023-06-17 21:24:54.914 [info] fatal: not a git repository (or any of the parent directories): .git
2023-06-17 21:24:54.928 [info] > git rev-parse --show-toplevel [4ms]
2023-06-17 21:24:54.928 [info] fatal: not a git repository (or any of the parent directories): .git
2023-06-17 21:28:28.011 [info] > git rev-parse --show-toplevel [9ms]
2023-06-17 21:28:28.011 [info] fatal: not a git repository (or any of the parent directories): .git
2023-06-17 21:28:28.032 [info] > git rev-parse --show-toplevel [3ms]
2023-06-17 21:28:28.032 [info] fatal: not a git repository (or any of the parent directories): .git
2023-06-17 21:28:28.044 [info] > git rev-parse --show-toplevel [3ms]
2023-06-17 21:28:28.044 [info] fatal: not a git repository (or any of the parent directories): .git
2023-06-17 21:28:30.653 [info] > git rev-parse --show-toplevel [4ms]
2023-06-17 21:28:30.653 [info] fatal: not a git repository (or any of the parent directories): .git
2023-06-17 21:28:30.668 [info] > git rev-parse --show-toplevel [3ms]
2023-06-17 21:28:30.668 [info] fatal: not a git repository (or any of the parent directories): .git
2023-06-17 21:33:34.566 [info] > git rev-parse --show-toplevel [4ms]
2023-06-17 21:33:34.566 [info] fatal: not a git repository (or any of the parent directories): .git
2023-06-17 21:33:34.580 [info] > git rev-parse --show-toplevel [5ms]
2023-06-17 21:33:34.580 [info] fatal: not a git repository (or any of the parent directories): .git
2023-06-17 21:33:34.594 [info] > git rev-parse --show-toplevel [4ms]
2023-06-17 21:33:34.594 [info] fatal: not a git repository (or any of the parent directories): .git
2023-06-17 21:33:37.741 [info] > git rev-parse --show-toplevel [3ms]
2023-06-17 21:33:37.741 [info] fatal: not a git repository (or any of the parent directories): .git
2023-06-17 21:33:37.755 [info] > git rev-parse --show-toplevel [3ms]
2023-06-17 21:33:37.755 [info] fatal: not a git repository (or any of the parent directories): .git
2023-06-17 21:34:01.692 [info] > git rev-parse --show-toplevel [10ms]
2023-06-17 21:34:01.692 [info] fatal: not a git repository (or any of the parent directories): .git
2023-06-17 21:34:01.710 [info] > git rev-parse --show-toplevel [7ms]
2023-06-17 21:34:01.710 [info] fatal: not a git repository (or any of the parent directories): .git
2023-06-17 21:34:01.725 [info] > git rev-parse --show-toplevel [3ms]
2023-06-17 21:34:01.725 [info] fatal: not a git repository (or any of the parent directories): .git
2023-06-17 21:34:03.686 [info] > git rev-parse --show-toplevel [6ms]
2023-06-17 21:34:03.686 [info] fatal: not a git repository (or any of the parent directories): .git
2023-06-17 21:34:03.710 [info] > git rev-parse --show-toplevel [8ms]
2023-06-17 21:34:03.710 [info] fatal: not a git repository (or any of the parent directories): .git
2023-06-17 21:34:32.303 [info] > git rev-parse --show-toplevel [7ms]
2023-06-17 21:34:32.303 [info] fatal: not a git repository (or any of the parent directories): .git
2023-06-17 21:34:32.327 [info] > git rev-parse --show-toplevel [16ms]
2023-06-17 21:34:32.327 [info] fatal: not a git repository (or any of the parent directories): .git
2023-06-17 21:34:32.357 [info] > git rev-parse --show-toplevel [9ms]
2023-06-17 21:34:32.357 [info] fatal: not a git repository (or any of the parent directories): .git
2023-06-17 21:34:34.138 [info] > git rev-parse --show-toplevel [6ms]
2023-06-17 21:34:34.138 [info] fatal: not a git repository (or any of the parent directories): .git
2023-06-17 21:34:34.150 [info] > git rev-parse --show-toplevel [1ms]
2023-06-17 21:34:34.150 [info] fatal: not a git repository (or any of the parent directories): .git
2023-06-17 21:38:07.948 [info] > git rev-parse --show-toplevel [16ms]
2023-06-17 21:38:07.948 [info] fatal: not a git repository (or any of the parent directories): .git
2023-06-17 21:38:07.972 [info] > git rev-parse --show-toplevel [8ms]
2023-06-17 21:38:07.972 [info] fatal: not a git repository (or any of the parent directories): .git
2023-06-17 21:38:07.993 [info] > git rev-parse --show-toplevel [7ms]
2023-06-17 21:38:07.993 [info] fatal: not a git repository (or any of the parent directories): .git
2023-06-17 21:38:10.176 [info] > git rev-parse --show-toplevel [4ms]
2023-06-17 21:38:10.176 [info] fatal: not a git repository (or any of the parent directories): .git
2023-06-17 21:38:10.187 [info] > git rev-parse --show-toplevel [3ms]
2023-06-17 21:38:10.187 [info] fatal: not a git repository (or any of the parent directories): .git
2023-06-17 21:40:44.931 [info] > git rev-parse --show-toplevel [8ms]
2023-06-17 21:40:44.931 [info] fatal: not a git repository (or any of the parent directories): .git
2023-06-17 21:40:44.945 [info] > git rev-parse --show-toplevel [3ms]
2023-06-17 21:40:44.945 [info] fatal: not a git repository (or any of the parent directories): .git
2023-06-17 21:40:44.958 [info] > git rev-parse --show-toplevel [3ms]
2023-06-17 21:40:44.958 [info] fatal: not a git repository (or any of the parent directories): .git
2023-06-17 21:40:49.888 [info] > git rev-parse --show-toplevel [4ms]
2023-06-17 21:40:49.888 [info] fatal: not a git repository (or any of the parent directories): .git
2023-06-17 21:40:49.902 [info] > git rev-parse --show-toplevel [4ms]
2023-06-17 21:40:49.903 [info] fatal: not a git repository (or any of the parent directories): .git
2023-06-17 21:43:31.558 [info] > git rev-parse --show-toplevel [252ms]
2023-06-17 21:43:31.558 [info] fatal: not a git repository (or any of the parent directories): .git
2023-06-17 21:43:32.244 [info] > git rev-parse --show-toplevel [641ms]
2023-06-17 21:43:32.244 [info] fatal: not a git repository (or any of the parent directories): .git
2023-06-17 21:43:32.358 [info] > git rev-parse --show-toplevel [72ms]
2023-06-17 21:43:32.358 [info] fatal: not a git repository (or any of the parent directories): .git
2023-06-17 21:43:32.419 [info] > git rev-parse --show-toplevel [49ms]
2023-06-17 21:43:32.419 [info] fatal: not a git repository (or any of the parent directories): .git
2023-06-17 21:43:32.486 [info] > git rev-parse --show-toplevel [58ms]
2023-06-17 21:43:32.486 [info] fatal: not a git repository (or any of the parent directories): .git
2023-06-17 21:43:32.528 [info] > git rev-parse --show-toplevel [32ms]
2023-06-17 21:43:32.529 [info] fatal: not a git repository (or any of the parent directories): .git
2023-06-17 21:44:42.185 [info] > git rev-parse --show-toplevel [11ms]
2023-06-17 21:44:42.185 [info] fatal: not a git repository (or any of the parent directories): .git
2023-06-17 21:44:42.211 [info] > git rev-parse --show-toplevel [9ms]
2023-06-17 21:44:42.211 [info] fatal: not a git repository (or any of the parent directories): .git
2023-06-17 21:44:42.224 [info] > git rev-parse --show-toplevel [3ms]
2023-06-17 21:44:42.224 [info] fatal: not a git repository (or any of the parent directories): .git
2023-06-17 21:44:44.438 [info] > git rev-parse --show-toplevel [4ms]
2023-06-17 21:44:44.438 [info] fatal: not a git repository (or any of the parent directories): .git
2023-06-17 21:44:44.451 [info] > git rev-parse --show-toplevel [3ms]
2023-06-17 21:44:44.451 [info] fatal: not a git repository (or any of the parent directories): .git
2023-06-17 21:56:06.882 [info] > git rev-parse --show-toplevel [4ms]
2023-06-17 21:56:06.882 [info] fatal: not a git repository (or any of the parent directories): .git
2023-06-17 21:56:06.902 [info] > git rev-parse --show-toplevel [11ms]
2023-06-17 21:56:06.902 [info] fatal: not a git repository (or any of the parent directories): .git
2023-06-17 21:56:06.914 [info] > git rev-parse --show-toplevel [3ms]
2023-06-17 21:56:06.914 [info] fatal: not a git repository (or any of the parent directories): .git
2023-06-17 21:56:09.483 [info] > git rev-parse --show-toplevel [4ms]
2023-06-17 21:56:09.483 [info] fatal: not a git repository (or any of the parent directories): .git
2023-06-17 21:56:09.495 [info] > git rev-parse --show-toplevel [3ms]
2023-06-17 21:56:09.495 [info] fatal: not a git repository (or any of the parent directories): .git
2023-06-17 21:58:38.581 [info] > git rev-parse --show-toplevel [6ms]
2023-06-17 21:58:38.581 [info] fatal: not a git repository (or any of the parent directories): .git
2023-06-17 21:58:38.601 [info] > git rev-parse --show-toplevel [9ms]
2023-06-17 21:58:38.601 [info] fatal: not a git repository (or any of the parent directories): .git
2023-06-17 21:58:38.617 [info] > git rev-parse --show-toplevel [5ms]
2023-06-17 21:58:38.617 [info] fatal: not a git repository (or any of the parent directories): .git
2023-06-17 21:58:41.680 [info] > git rev-parse --show-toplevel [3ms]
2023-06-17 21:58:41.680 [info] fatal: not a git repository (or any of the parent directories): .git
2023-06-17 21:58:41.694 [info] > git rev-parse --show-toplevel [3ms]
2023-06-17 21:58:41.694 [info] fatal: not a git repository (or any of the parent directories): .git
2023-06-17 22:02:31.434 [info] > git rev-parse --show-toplevel [3ms]
2023-06-17 22:02:31.434 [info] fatal: not a git repository (or any of the parent directories): .git
2023-06-17 22:02:31.500 [info] > git rev-parse --show-toplevel [7ms]
2023-06-17 22:02:31.500 [info] fatal: not a git repository (or any of the parent directories): .git
2023-06-17 22:02:31.518 [info] > git rev-parse --show-toplevel [8ms]
2023-06-17 22:02:31.518 [info] fatal: not a git repository (or any of the parent directories): .git
2023-06-17 22:02:33.611 [info] > git rev-parse --show-toplevel [3ms]
2023-06-17 22:02:33.611 [info] fatal: not a git repository (or any of the parent directories): .git
2023-06-17 22:02:33.649 [info] > git rev-parse --show-toplevel [8ms]
2023-06-17 22:02:33.649 [info] fatal: not a git repository (or any of the parent directories): .git
2023-06-17 22:02:33.663 [info] > git rev-parse --show-toplevel [3ms]
2023-06-17 22:02:33.663 [info] fatal: not a git repository (or any of the parent directories): .git
