2023-06-17 18:15:50.556 [info] Added views:workbench.panel.markers.view in workbench.panel.markers
2023-06-17 18:15:50.556 [info] Added views:workbench.panel.output in workbench.panel.output
2023-06-17 18:15:50.556 [info] Added views:terminal in terminal
2023-06-17 18:15:50.556 [info] Added views:outline in workbench.view.explorer
2023-06-17 18:15:50.556 [info] Added views:workbench.scm in workbench.view.scm
2023-06-17 18:15:50.556 [info] Added views:workbench.view.search in workbench.view.search
2023-06-17 18:15:50.556 [info] Added views:timeline in workbench.view.explorer
2023-06-17 18:15:50.556 [info] Added views:workbench.explorer.emptyView in workbench.view.explorer
2023-06-17 18:15:51.851 [info] Added views:workbench.debug.variablesView,workbench.debug.watchExpressionsView,workbench.debug.callStackView,workbench.debug.breakPointsView in workbench.view.debug
2023-06-17 18:15:54.891 [info] Added views:workbench.panel.repl.view in workbench.panel.repl
2023-06-17 18:15:54.907 [info] Removed views:workbench.debug.breakPointsView,workbench.debug.callStackView,workbench.debug.watchExpressionsView,workbench.debug.variablesView from workbench.view.debug
2023-06-17 18:15:54.908 [info] Added views:workbench.debug.welcome in workbench.view.debug
2023-06-17 18:16:36.603 [info] Added views:workbench.panel.markers.view in workbench.panel.markers
2023-06-17 18:16:36.603 [info] Added views:workbench.panel.output in workbench.panel.output
2023-06-17 18:16:36.603 [info] Added views:terminal in terminal
2023-06-17 18:16:36.603 [info] Added views:outline in workbench.view.explorer
2023-06-17 18:16:36.603 [info] Added views:workbench.scm in workbench.view.scm
2023-06-17 18:16:36.603 [info] Added views:workbench.view.search in workbench.view.search
2023-06-17 18:16:36.603 [info] Added views:timeline in workbench.view.explorer
2023-06-17 18:16:36.603 [info] Added views:workbench.explorer.fileView in workbench.view.explorer
2023-06-17 18:16:37.405 [info] Added views:workbench.debug.variablesView,workbench.debug.watchExpressionsView,workbench.debug.callStackView,workbench.debug.breakPointsView in workbench.view.debug
2023-06-17 18:16:38.636 [info] Added views:workbench.panel.repl.view in workbench.panel.repl
